make.exe --dry-run --always-make --keep-going --print-directory
make: Entering directory '/cygdrive/c/git/TDD_TRIPSERVICE_18'
/usr/bin/cmake.exe -S/cygdrive/c/git/TDD_TRIPSERVICE_18 -B/cygdrive/c/git/TDD_TRIPSERVICE_18 --check-build-system CMakeFiles/Makefile.cmake 0
/usr/bin/cmake.exe -E cmake_progress_start /cygdrive/c/git/TDD_TRIPSERVICE_18/CMakeFiles /cygdrive/c/git/TDD_TRIPSERVICE_18//CMakeFiles/progress.marks
make -s -f CMakeFiles/Makefile2 all
 
make[1]: Entering directory '/cygdrive/c/git/TDD_TRIPSERVICE_18'
make -s -f src/CMakeFiles/TripService.dir/build.make src/CMakeFiles/TripService.dir/depend
 
make[2]: Entering directory '/cygdrive/c/git/TDD_TRIPSERVICE_18'
cd /cygdrive/c/git/TDD_TRIPSERVICE_18 && /usr/bin/cmake.exe -E cmake_depends "Unix Makefiles" /cygdrive/c/git/TDD_TRIPSERVICE_18 /cygdrive/c/git/TDD_TRIPSERVICE_18/src /cygdrive/c/git/TDD_TRIPSERVICE_18 /cygdrive/c/git/TDD_TRIPSERVICE_18/src /cygdrive/c/git/TDD_TRIPSERVICE_18/src/CMakeFiles/TripService.dir/DependInfo.cmake --color=
make[2]: Leaving directory '/cygdrive/c/git/TDD_TRIPSERVICE_18'
 
make -s -f src/CMakeFiles/TripService.dir/build.make src/CMakeFiles/TripService.dir/build
 
make[2]: Entering directory '/cygdrive/c/git/TDD_TRIPSERVICE_18'
/usr/bin/cmake.exe -E cmake_echo_color --switch= --green --progress-dir=/cygdrive/c/git/TDD_TRIPSERVICE_18/CMakeFiles --progress-num=1 "Building CXX object src/CMakeFiles/TripService.dir/UserSession.cpp.o"
cd /cygdrive/c/git/TDD_TRIPSERVICE_18/src && /usr/bin/c++.exe   -std=gnu++11 -MD -MT src/CMakeFiles/TripService.dir/UserSession.cpp.o -MF CMakeFiles/TripService.dir/UserSession.cpp.o.d -o CMakeFiles/TripService.dir/UserSession.cpp.o -c /cygdrive/c/git/TDD_TRIPSERVICE_18/src/UserSession.cpp
 
/usr/bin/cmake.exe -E cmake_echo_color --switch= --green --bold --progress-dir=/cygdrive/c/git/TDD_TRIPSERVICE_18/CMakeFiles --progress-num=2 "Linking CXX static library libTripService.a"
cd /cygdrive/c/git/TDD_TRIPSERVICE_18/src && /usr/bin/cmake.exe -P CMakeFiles/TripService.dir/cmake_clean_target.cmake
cd /cygdrive/c/git/TDD_TRIPSERVICE_18/src && /usr/bin/cmake.exe -E cmake_link_script CMakeFiles/TripService.dir/link.txt --verbose=
make[2]: Leaving directory '/cygdrive/c/git/TDD_TRIPSERVICE_18'
 
/usr/bin/cmake.exe -E cmake_echo_color --switch= --progress-dir=/cygdrive/c/git/TDD_TRIPSERVICE_18/CMakeFiles --progress-num=1,2 "Built target TripService"
 
make -s -f test/CMakeFiles/TripServiceTests.dir/build.make test/CMakeFiles/TripServiceTests.dir/depend
 
