make.exe --dry-run --always-make --keep-going --print-directory
make: Entering directory '/cygdrive/c/git/TDD_GILDEDROSE_18'
/usr/bin/cmake.exe -S/cygdrive/c/git/TDD_GILDEDROSE_18 -B/cygdrive/c/git/TDD_GILDEDROSE_18 --check-build-system CMakeFiles/Makefile.cmake 0
/usr/bin/cmake.exe -E cmake_progress_start /cygdrive/c/git/TDD_GILDEDROSE_18/CMakeFiles /cygdrive/c/git/TDD_GILDEDROSE_18//CMakeFiles/progress.marks
make -s -f CMakeFiles/Makefile2 all
 
make[1]: Entering directory '/cygdrive/c/git/TDD_GILDEDROSE_18'
 
make -s -f src/CMakeFiles/GildedRose.dir/build.make src/CMakeFiles/GildedRose.dir/depend
 
make[2]: Entering directory '/cygdrive/c/git/TDD_GILDEDROSE_18'
cd /cygdrive/c/git/TDD_GILDEDROSE_18 && /usr/bin/cmake.exe -E cmake_depends "Unix Makefiles" /cygdrive/c/git/TDD_GILDEDROSE_18 /cygdrive/c/git/TDD_GILDEDROSE_18/src /cygdrive/c/git/TDD_GILDEDROSE_18 /cygdrive/c/git/TDD_GILDEDROSE_18/src /cygdrive/c/git/TDD_GILDEDROSE_18/src/CMakeFiles/GildedRose.dir/DependInfo.cmake --color=
make[2]: Leaving directory '/cygdrive/c/git/TDD_GILDEDROSE_18'
 
make -s -f src/CMakeFiles/GildedRose.dir/build.make src/CMakeFiles/GildedRose.dir/build
 
make[2]: Entering directory '/cygdrive/c/git/TDD_GILDEDROSE_18'
/usr/bin/cmake.exe -E cmake_echo_color --switch= --green --progress-dir=/cygdrive/c/git/TDD_GILDEDROSE_18/CMakeFiles --progress-num=1 "Building CXX object src/CMakeFiles/GildedRose.dir/GildedRose.cc.o"
cd /cygdrive/c/git/TDD_GILDEDROSE_18/src && /usr/bin/c++.exe   -std=gnu++11 -MD -MT src/CMakeFiles/GildedRose.dir/GildedRose.cc.o -MF CMakeFiles/GildedRose.dir/GildedRose.cc.o.d -o CMakeFiles/GildedRose.dir/GildedRose.cc.o -c /cygdrive/c/git/TDD_GILDEDROSE_18/src/GildedRose.cc
 
/usr/bin/cmake.exe -E cmake_echo_color --switch= --green --bold --progress-dir=/cygdrive/c/git/TDD_GILDEDROSE_18/CMakeFiles --progress-num=2 "Linking CXX static library libGildedRose.a"
cd /cygdrive/c/git/TDD_GILDEDROSE_18/src && /usr/bin/cmake.exe -P CMakeFiles/GildedRose.dir/cmake_clean_target.cmake
cd /cygdrive/c/git/TDD_GILDEDROSE_18/src && /usr/bin/cmake.exe -E cmake_link_script CMakeFiles/GildedRose.dir/link.txt --verbose=
make[2]: Leaving directory '/cygdrive/c/git/TDD_GILDEDROSE_18'
 
/usr/bin/cmake.exe -E cmake_echo_color --switch= --progress-dir=/cygdrive/c/git/TDD_GILDEDROSE_18/CMakeFiles --progress-num=1,2 "Built target GildedRose"
make -s -f test/CMakeFiles/GildedRoseUnitTests.dir/build.make test/CMakeFiles/GildedRoseUnitTests.dir/depend
 
make[2]: Entering directory '/cygdrive/c/git/TDD_GILDEDROSE_18'
cd /cygdrive/c/git/TDD_GILDEDROSE_18 && /usr/bin/cmake.exe -E cmake_depends "Unix Makefiles" /cygdrive/c/git/TDD_GILDEDROSE_18 /cygdrive/c/git/TDD_GILDEDROSE_18/test /cygdrive/c/git/TDD_GILDEDROSE_18 /cygdrive/c/git/TDD_GILDEDROSE_18/test /cygdrive/c/git/TDD_GILDEDROSE_18/test/CMakeFiles/GildedRoseUnitTests.dir/DependInfo.cmake --color=
make[2]: Leaving directory '/cygdrive/c/git/TDD_GILDEDROSE_18'
 
make -s -f test/CMakeFiles/GildedRoseUnitTests.dir/build.make test/CMakeFiles/GildedRoseUnitTests.dir/build
 
make[2]: Entering directory '/cygdrive/c/git/TDD_GILDEDROSE_18'
/usr/bin/cmake.exe -E cmake_echo_color --switch= --green --progress-dir=/cygdrive/c/git/TDD_GILDEDROSE_18/CMakeFiles --progress-num=3 "Building CXX object test/CMakeFiles/GildedRoseUnitTests.dir/GildedRoseUnitTests.cc.o"
cd /cygdrive/c/git/TDD_GILDEDROSE_18/test && /usr/bin/c++.exe   -std=gnu++11 -MD -MT test/CMakeFiles/GildedRoseUnitTests.dir/GildedRoseUnitTests.cc.o -MF CMakeFiles/GildedRoseUnitTests.dir/GildedRoseUnitTests.cc.o.d -o CMakeFiles/GildedRoseUnitTests.dir/GildedRoseUnitTests.cc.o -c /cygdrive/c/git/TDD_GILDEDROSE_18/test/GildedRoseUnitTests.cc
 
/usr/bin/cmake.exe -E cmake_echo_color --switch= --green --bold --progress-dir=/cygdrive/c/git/TDD_GILDEDROSE_18/CMakeFiles --progress-num=4 "Linking CXX executable GildedRoseUnitTests.exe"
cd /cygdrive/c/git/TDD_GILDEDROSE_18/test && /usr/bin/cmake.exe -E cmake_link_script CMakeFiles/GildedRoseUnitTests.dir/link.txt --verbose=
make[2]: Leaving directory '/cygdrive/c/git/TDD_GILDEDROSE_18'
/usr/bin/cmake.exe -E cmake_echo_color --switch= --progress-dir=/cygdrive/c/git/TDD_GILDEDROSE_18/CMakeFiles --progress-num=3,4 "Built target GildedRoseUnitTests"
make[1]: Leaving directory '/cygdrive/c/git/TDD_GILDEDROSE_18'
 
/usr/bin/cmake.exe -E cmake_progress_start /cygdrive/c/git/TDD_GILDEDROSE_18/CMakeFiles 0
 
make: Leaving directory '/cygdrive/c/git/TDD_GILDEDROSE_18'
 
