make.exe --dry-run --always-make --keep-going --print-directory
make: Entering directory '/cygdrive/c/git/RF_EXAM_18'
/usr/bin/cmake.exe -S/cygdrive/c/git/RF_EXAM_18 -B/cygdrive/c/git/RF_EXAM_18 --check-build-system CMakeFiles/Makefile.cmake 0
/usr/bin/cmake.exe -E cmake_progress_start /cygdrive/c/git/RF_EXAM_18/CMakeFiles /cygdrive/c/git/RF_EXAM_18//CMakeFiles/progress.marks
make -s -f CMakeFiles/Makefile2 all
 
make[1]: Entering directory '/cygdrive/c/git/RF_EXAM_18'
make -s -f src/CMakeFiles/StatementPrinter.dir/build.make src/CMakeFiles/StatementPrinter.dir/depend
 
make[2]: Entering directory '/cygdrive/c/git/RF_EXAM_18'
cd /cygdrive/c/git/RF_EXAM_18 && /usr/bin/cmake.exe -E cmake_depends "Unix Makefiles" /cygdrive/c/git/RF_EXAM_18 /cygdrive/c/git/RF_EXAM_18/src /cygdrive/c/git/RF_EXAM_18 /cygdrive/c/git/RF_EXAM_18/src /cygdrive/c/git/RF_EXAM_18/src/CMakeFiles/StatementPrinter.dir/DependInfo.cmake --color=
make[2]: Leaving directory '/cygdrive/c/git/RF_EXAM_18'
 
make -s -f src/CMakeFiles/StatementPrinter.dir/build.make src/CMakeFiles/StatementPrinter.dir/build
 
make[2]: Entering directory '/cygdrive/c/git/RF_EXAM_18'
/usr/bin/cmake.exe -E cmake_echo_color --switch= --green --progress-dir=/cygdrive/c/git/RF_EXAM_18/CMakeFiles --progress-num=1 "Building CXX object src/CMakeFiles/StatementPrinter.dir/StatementPrinter.cpp.o"
cd /cygdrive/c/git/RF_EXAM_18/src && /usr/bin/c++.exe   -std=gnu++11 -MD -MT src/CMakeFiles/StatementPrinter.dir/StatementPrinter.cpp.o -MF CMakeFiles/StatementPrinter.dir/StatementPrinter.cpp.o.d -o CMakeFiles/StatementPrinter.dir/StatementPrinter.cpp.o -c /cygdrive/c/git/RF_EXAM_18/src/StatementPrinter.cpp
/usr/bin/cmake.exe -E cmake_echo_color --switch= --green --bold --progress-dir=/cygdrive/c/git/RF_EXAM_18/CMakeFiles --progress-num=2 "Linking CXX static library libStatementPrinter.a"
cd /cygdrive/c/git/RF_EXAM_18/src && /usr/bin/cmake.exe -P CMakeFiles/StatementPrinter.dir/cmake_clean_target.cmake
cd /cygdrive/c/git/RF_EXAM_18/src && /usr/bin/cmake.exe -E cmake_link_script CMakeFiles/StatementPrinter.dir/link.txt --verbose=
make[2]: Leaving directory '/cygdrive/c/git/RF_EXAM_18'
 
/usr/bin/cmake.exe -E cmake_echo_color --switch= --progress-dir=/cygdrive/c/git/RF_EXAM_18/CMakeFiles --progress-num=1,2 "Built target StatementPrinter"
make -s -f test/CMakeFiles/StatementPrinterTest.dir/build.make test/CMakeFiles/StatementPrinterTest.dir/depend
 
make[2]: Entering directory '/cygdrive/c/git/RF_EXAM_18'
cd /cygdrive/c/git/RF_EXAM_18 && /usr/bin/cmake.exe -E cmake_depends "Unix Makefiles" /cygdrive/c/git/RF_EXAM_18 /cygdrive/c/git/RF_EXAM_18/test /cygdrive/c/git/RF_EXAM_18 /cygdrive/c/git/RF_EXAM_18/test /cygdrive/c/git/RF_EXAM_18/test/CMakeFiles/StatementPrinterTest.dir/DependInfo.cmake --color=
make[2]: Leaving directory '/cygdrive/c/git/RF_EXAM_18'
 
make -s -f test/CMakeFiles/StatementPrinterTest.dir/build.make test/CMakeFiles/StatementPrinterTest.dir/build
 
make[2]: Entering directory '/cygdrive/c/git/RF_EXAM_18'
/usr/bin/cmake.exe -E cmake_echo_color --switch= --green --progress-dir=/cygdrive/c/git/RF_EXAM_18/CMakeFiles --progress-num=3 "Building CXX object test/CMakeFiles/StatementPrinterTest.dir/googletest_approval_main.cc.o"
cd /cygdrive/c/git/RF_EXAM_18/test && /usr/bin/c++.exe  -I/cygdrive/c/git/RF_EXAM_18/lib -std=gnu++11 -MD -MT test/CMakeFiles/StatementPrinterTest.dir/googletest_approval_main.cc.o -MF CMakeFiles/StatementPrinterTest.dir/googletest_approval_main.cc.o.d -o CMakeFiles/StatementPrinterTest.dir/googletest_approval_main.cc.o -c /cygdrive/c/git/RF_EXAM_18/test/googletest_approval_main.cc
 
/usr/bin/cmake.exe -E cmake_echo_color --switch= --green --progress-dir=/cygdrive/c/git/RF_EXAM_18/CMakeFiles --progress-num=4 "Building CXX object test/CMakeFiles/StatementPrinterTest.dir/StatementPrinterTest.cpp.o"
 
cd /cygdrive/c/git/RF_EXAM_18/test && /usr/bin/c++.exe  -I/cygdrive/c/git/RF_EXAM_18/lib -std=gnu++11 -MD -MT test/CMakeFiles/StatementPrinterTest.dir/StatementPrinterTest.cpp.o -MF CMakeFiles/StatementPrinterTest.dir/StatementPrinterTest.cpp.o.d -o CMakeFiles/StatementPrinterTest.dir/StatementPrinterTest.cpp.o -c /cygdrive/c/git/RF_EXAM_18/test/StatementPrinterTest.cpp
 
/usr/bin/cmake.exe -E cmake_echo_color --switch= --green --bold --progress-dir=/cygdrive/c/git/RF_EXAM_18/CMakeFiles --progress-num=5 "Linking CXX executable StatementPrinterTest.exe"
cd /cygdrive/c/git/RF_EXAM_18/test && /usr/bin/cmake.exe -E cmake_link_script CMakeFiles/StatementPrinterTest.dir/link.txt --verbose=
make[2]: Leaving directory '/cygdrive/c/git/RF_EXAM_18'
 
/usr/bin/cmake.exe -E cmake_echo_color --switch= --progress-dir=/cygdrive/c/git/RF_EXAM_18/CMakeFiles --progress-num=3,4,5 "Built target StatementPrinterTest"
 
make[1]: Leaving directory '/cygdrive/c/git/RF_EXAM_18'
 
/usr/bin/cmake.exe -E cmake_progress_start /cygdrive/c/git/RF_EXAM_18/CMakeFiles 0
make: Leaving directory '/cygdrive/c/git/RF_EXAM_18'
 
