make.exe --dry-run --always-make --keep-going --print-directory
make: Entering directory '/cygdrive/c/git/TDD_SUPERMARKET_18'
/usr/bin/cmake.exe -S/cygdrive/c/git/TDD_SUPERMARKET_18 -B/cygdrive/c/git/TDD_SUPERMARKET_18 --check-build-system CMakeFiles/Makefile.cmake 0
/usr/bin/cmake.exe -E cmake_progress_start /cygdrive/c/git/TDD_SUPERMARKET_18/CMakeFiles /cygdrive/c/git/TDD_SUPERMARKET_18//CMakeFiles/progress.marks
make -s -f CMakeFiles/Makefile2 all
 
make[1]: Entering directory '/cygdrive/c/git/TDD_SUPERMARKET_18'
make -s -f src/CMakeFiles/Supermarket.dir/build.make src/CMakeFiles/Supermarket.dir/depend
 
make[2]: Entering directory '/cygdrive/c/git/TDD_SUPERMARKET_18'
cd /cygdrive/c/git/TDD_SUPERMARKET_18 && /usr/bin/cmake.exe -E cmake_depends "Unix Makefiles" /cygdrive/c/git/TDD_SUPERMARKET_18 /cygdrive/c/git/TDD_SUPERMARKET_18/src /cygdrive/c/git/TDD_SUPERMARKET_18 /cygdrive/c/git/TDD_SUPERMARKET_18/src /cygdrive/c/git/TDD_SUPERMARKET_18/src/CMakeFiles/Supermarket.dir/DependInfo.cmake --color=
make[2]: Leaving directory '/cygdrive/c/git/TDD_SUPERMARKET_18'
 
make -s -f src/CMakeFiles/Supermarket.dir/build.make src/CMakeFiles/Supermarket.dir/build
 
make[2]: Entering directory '/cygdrive/c/git/TDD_SUPERMARKET_18'
/usr/bin/cmake.exe -E cmake_echo_color --switch= --green --progress-dir=/cygdrive/c/git/TDD_SUPERMARKET_18/CMakeFiles --progress-num=1 "Building CXX object src/CMakeFiles/Supermarket.dir/Discount.cc.o"
cd /cygdrive/c/git/TDD_SUPERMARKET_18/src && /usr/bin/c++.exe   -std=gnu++11 -MD -MT src/CMakeFiles/Supermarket.dir/Discount.cc.o -MF CMakeFiles/Supermarket.dir/Discount.cc.o.d -o CMakeFiles/Supermarket.dir/Discount.cc.o -c /cygdrive/c/git/TDD_SUPERMARKET_18/src/Discount.cc
 
/usr/bin/cmake.exe -E cmake_echo_color --switch= --green --progress-dir=/cygdrive/c/git/TDD_SUPERMARKET_18/CMakeFiles --progress-num=2 "Building CXX object src/CMakeFiles/Supermarket.dir/Offer.cc.o"
 
cd /cygdrive/c/git/TDD_SUPERMARKET_18/src && /usr/bin/c++.exe   -std=gnu++11 -MD -MT src/CMakeFiles/Supermarket.dir/Offer.cc.o -MF CMakeFiles/Supermarket.dir/Offer.cc.o.d -o CMakeFiles/Supermarket.dir/Offer.cc.o -c /cygdrive/c/git/TDD_SUPERMARKET_18/src/Offer.cc
 
/usr/bin/cmake.exe -E cmake_echo_color --switch= --green --progress-dir=/cygdrive/c/git/TDD_SUPERMARKET_18/CMakeFiles --progress-num=3 "Building CXX object src/CMakeFiles/Supermarket.dir/Product.cc.o"
 
cd /cygdrive/c/git/TDD_SUPERMARKET_18/src && /usr/bin/c++.exe   -std=gnu++11 -MD -MT src/CMakeFiles/Supermarket.dir/Product.cc.o -MF CMakeFiles/Supermarket.dir/Product.cc.o.d -o CMakeFiles/Supermarket.dir/Product.cc.o -c /cygdrive/c/git/TDD_SUPERMARKET_18/src/Product.cc
 
/usr/bin/cmake.exe -E cmake_echo_color --switch= --green --progress-dir=/cygdrive/c/git/TDD_SUPERMARKET_18/CMakeFiles --progress-num=4 "Building CXX object src/CMakeFiles/Supermarket.dir/ProductQuantity.cc.o"
 
cd /cygdrive/c/git/TDD_SUPERMARKET_18/src && /usr/bin/c++.exe   -std=gnu++11 -MD -MT src/CMakeFiles/Supermarket.dir/ProductQuantity.cc.o -MF CMakeFiles/Supermarket.dir/ProductQuantity.cc.o.d -o CMakeFiles/Supermarket.dir/ProductQuantity.cc.o -c /cygdrive/c/git/TDD_SUPERMARKET_18/src/ProductQuantity.cc
 
/usr/bin/cmake.exe -E cmake_echo_color --switch= --green --progress-dir=/cygdrive/c/git/TDD_SUPERMARKET_18/CMakeFiles --progress-num=5 "Building CXX object src/CMakeFiles/Supermarket.dir/Receipt.cc.o"
cd /cygdrive/c/git/TDD_SUPERMARKET_18/src && /usr/bin/c++.exe   -std=gnu++11 -MD -MT src/CMakeFiles/Supermarket.dir/Receipt.cc.o -MF CMakeFiles/Supermarket.dir/Receipt.cc.o.d -o CMakeFiles/Supermarket.dir/Receipt.cc.o -c /cygdrive/c/git/TDD_SUPERMARKET_18/src/Receipt.cc
 
/usr/bin/cmake.exe -E cmake_echo_color --switch= --green --progress-dir=/cygdrive/c/git/TDD_SUPERMARKET_18/CMakeFiles --progress-num=6 "Building CXX object src/CMakeFiles/Supermarket.dir/ReceiptItem.cc.o"
cd /cygdrive/c/git/TDD_SUPERMARKET_18/src && /usr/bin/c++.exe   -std=gnu++11 -MD -MT src/CMakeFiles/Supermarket.dir/ReceiptItem.cc.o -MF CMakeFiles/Supermarket.dir/ReceiptItem.cc.o.d -o CMakeFiles/Supermarket.dir/ReceiptItem.cc.o -c /cygdrive/c/git/TDD_SUPERMARKET_18/src/ReceiptItem.cc
 
/usr/bin/cmake.exe -E cmake_echo_color --switch= --green --progress-dir=/cygdrive/c/git/TDD_SUPERMARKET_18/CMakeFiles --progress-num=7 "Building CXX object src/CMakeFiles/Supermarket.dir/ReceiptPrinter.cc.o"
cd /cygdrive/c/git/TDD_SUPERMARKET_18/src && /usr/bin/c++.exe   -std=gnu++11 -MD -MT src/CMakeFiles/Supermarket.dir/ReceiptPrinter.cc.o -MF CMakeFiles/Supermarket.dir/ReceiptPrinter.cc.o.d -o CMakeFiles/Supermarket.dir/ReceiptPrinter.cc.o -c /cygdrive/c/git/TDD_SUPERMARKET_18/src/ReceiptPrinter.cc
 
/usr/bin/cmake.exe -E cmake_echo_color --switch= --green --progress-dir=/cygdrive/c/git/TDD_SUPERMARKET_18/CMakeFiles --progress-num=8 "Building CXX object src/CMakeFiles/Supermarket.dir/ShoppingCart.cc.o"
cd /cygdrive/c/git/TDD_SUPERMARKET_18/src && /usr/bin/c++.exe   -std=gnu++11 -MD -MT src/CMakeFiles/Supermarket.dir/ShoppingCart.cc.o -MF CMakeFiles/Supermarket.dir/ShoppingCart.cc.o.d -o CMakeFiles/Supermarket.dir/ShoppingCart.cc.o -c /cygdrive/c/git/TDD_SUPERMARKET_18/src/ShoppingCart.cc
 
/usr/bin/cmake.exe -E cmake_echo_color --switch= --green --progress-dir=/cygdrive/c/git/TDD_SUPERMARKET_18/CMakeFiles --progress-num=9 "Building CXX object src/CMakeFiles/Supermarket.dir/SupermarketCatalog.cc.o"
 
cd /cygdrive/c/git/TDD_SUPERMARKET_18/src && /usr/bin/c++.exe   -std=gnu++11 -MD -MT src/CMakeFiles/Supermarket.dir/SupermarketCatalog.cc.o -MF CMakeFiles/Supermarket.dir/SupermarketCatalog.cc.o.d -o CMakeFiles/Supermarket.dir/SupermarketCatalog.cc.o -c /cygdrive/c/git/TDD_SUPERMARKET_18/src/SupermarketCatalog.cc
 
/usr/bin/cmake.exe -E cmake_echo_color --switch= --green --progress-dir=/cygdrive/c/git/TDD_SUPERMARKET_18/CMakeFiles --progress-num=10 "Building CXX object src/CMakeFiles/Supermarket.dir/Teller.cc.o"
 
cd /cygdrive/c/git/TDD_SUPERMARKET_18/src && /usr/bin/c++.exe   -std=gnu++11 -MD -MT src/CMakeFiles/Supermarket.dir/Teller.cc.o -MF CMakeFiles/Supermarket.dir/Teller.cc.o.d -o CMakeFiles/Supermarket.dir/Teller.cc.o -c /cygdrive/c/git/TDD_SUPERMARKET_18/src/Teller.cc
 
/usr/bin/cmake.exe -E cmake_echo_color --switch= --green --progress-dir=/cygdrive/c/git/TDD_SUPERMARKET_18/CMakeFiles --progress-num=11 "Building CXX object src/CMakeFiles/Supermarket.dir/HtmlReceiptPrinter.cc.o"
cd /cygdrive/c/git/TDD_SUPERMARKET_18/src && /usr/bin/c++.exe   -std=gnu++11 -MD -MT src/CMakeFiles/Supermarket.dir/HtmlReceiptPrinter.cc.o -MF CMakeFiles/Supermarket.dir/HtmlReceiptPrinter.cc.o.d -o CMakeFiles/Supermarket.dir/HtmlReceiptPrinter.cc.o -c /cygdrive/c/git/TDD_SUPERMARKET_18/src/HtmlReceiptPrinter.cc
/usr/bin/cmake.exe -E cmake_echo_color --switch= --green --bold --progress-dir=/cygdrive/c/git/TDD_SUPERMARKET_18/CMakeFiles --progress-num=12 "Linking CXX static library libSupermarket.a"
cd /cygdrive/c/git/TDD_SUPERMARKET_18/src && /usr/bin/cmake.exe -P CMakeFiles/Supermarket.dir/cmake_clean_target.cmake
cd /cygdrive/c/git/TDD_SUPERMARKET_18/src && /usr/bin/cmake.exe -E cmake_link_script CMakeFiles/Supermarket.dir/link.txt --verbose=
make[2]: Leaving directory '/cygdrive/c/git/TDD_SUPERMARKET_18'
 
/usr/bin/cmake.exe -E cmake_echo_color --switch= --progress-dir=/cygdrive/c/git/TDD_SUPERMARKET_18/CMakeFiles --progress-num=1,2,3,4,5,6,7,8,9,10,11,12 "Built target Supermarket"
 
make -s -f test/CMakeFiles/SupermarketTest.dir/build.make test/CMakeFiles/SupermarketTest.dir/depend
 
make[2]: Entering directory '/cygdrive/c/git/TDD_SUPERMARKET_18'
 
cd /cygdrive/c/git/TDD_SUPERMARKET_18 && /usr/bin/cmake.exe -E cmake_depends "Unix Makefiles" /cygdrive/c/git/TDD_SUPERMARKET_18 /cygdrive/c/git/TDD_SUPERMARKET_18/test /cygdrive/c/git/TDD_SUPERMARKET_18 /cygdrive/c/git/TDD_SUPERMARKET_18/test /cygdrive/c/git/TDD_SUPERMARKET_18/test/CMakeFiles/SupermarketTest.dir/DependInfo.cmake --color=
make[2]: Leaving directory '/cygdrive/c/git/TDD_SUPERMARKET_18'
 
make -s -f test/CMakeFiles/SupermarketTest.dir/build.make test/CMakeFiles/SupermarketTest.dir/build
 
make[2]: Entering directory '/cygdrive/c/git/TDD_SUPERMARKET_18'
/usr/bin/cmake.exe -E cmake_echo_color --switch= --green --progress-dir=/cygdrive/c/git/TDD_SUPERMARKET_18/CMakeFiles --progress-num=13 "Building CXX object test/CMakeFiles/SupermarketTest.dir/googletest_approval_main.cc.o"
cd /cygdrive/c/git/TDD_SUPERMARKET_18/test && /usr/bin/c++.exe  -I/cygdrive/c/git/TDD_SUPERMARKET_18/lib -std=gnu++11 -MD -MT test/CMakeFiles/SupermarketTest.dir/googletest_approval_main.cc.o -MF CMakeFiles/SupermarketTest.dir/googletest_approval_main.cc.o.d -o CMakeFiles/SupermarketTest.dir/googletest_approval_main.cc.o -c /cygdrive/c/git/TDD_SUPERMARKET_18/test/googletest_approval_main.cc
 
/usr/bin/cmake.exe -E cmake_echo_color --switch= --green --progress-dir=/cygdrive/c/git/TDD_SUPERMARKET_18/CMakeFiles --progress-num=14 "Building CXX object test/CMakeFiles/SupermarketTest.dir/SupermarketTest.cc.o"
cd /cygdrive/c/git/TDD_SUPERMARKET_18/test && /usr/bin/c++.exe  -I/cygdrive/c/git/TDD_SUPERMARKET_18/lib -std=gnu++11 -MD -MT test/CMakeFiles/SupermarketTest.dir/SupermarketTest.cc.o -MF CMakeFiles/SupermarketTest.dir/SupermarketTest.cc.o.d -o CMakeFiles/SupermarketTest.dir/SupermarketTest.cc.o -c /cygdrive/c/git/TDD_SUPERMARKET_18/test/SupermarketTest.cc
 
/usr/bin/cmake.exe -E cmake_echo_color --switch= --green --bold --progress-dir=/cygdrive/c/git/TDD_SUPERMARKET_18/CMakeFiles --progress-num=15 "Linking CXX executable SupermarketTest.exe"
cd /cygdrive/c/git/TDD_SUPERMARKET_18/test && /usr/bin/cmake.exe -E cmake_link_script CMakeFiles/SupermarketTest.dir/link.txt --verbose=
make[2]: Leaving directory '/cygdrive/c/git/TDD_SUPERMARKET_18'
 
/usr/bin/cmake.exe -E cmake_echo_color --switch= --progress-dir=/cygdrive/c/git/TDD_SUPERMARKET_18/CMakeFiles --progress-num=13,14,15 "Built target SupermarketTest"
 
make[1]: Leaving directory '/cygdrive/c/git/TDD_SUPERMARKET_18'
 
/usr/bin/cmake.exe -E cmake_progress_start /cygdrive/c/git/TDD_SUPERMARKET_18/CMakeFiles 0
 
make: Leaving directory '/cygdrive/c/git/TDD_SUPERMARKET_18'
 
