make.exe all --print-data-base --no-builtin-variables --no-builtin-rules --question
# GNU Make 4.3
# Built for x86_64-pc-cygwin
# Copyright (C) 1988-2020 Free Software Foundation, Inc.
# License GPLv3+: GNU GPL version 3 or later <http://gnu.org/licenses/gpl.html>
# This is free software: you are free to change and redistribute it.
# There is NO WARRANTY, to the extent permitted by law.
 

# Make data base, printed on Fri Jun 17 16:49:05 2022

# Variables

# environment
SYSTEMDRIVE = C:
# environment
LC_ALL = C
# environment
USERPROFILE = C:\Users\co049
# environment
LOCALAPPDATA = C:\Users\co049\AppData\Local
# environment
VSCODE_IPC_HOOK_EXTHOST = \\.\pipe\vscode-ipc-6956cb99-ca12-4160-8ed0-3b07afbfaf11-sock
# environment
VSCODE_CWD = C:\Users\co049\AppData\Local\Programs\Microsoft VS Code
# environment
SYSTEMROOT = C:\WINDOWS
# environment
PROCESSOR_LEVEL = 23
# environment
PSMODULEPATH = C:\Program Files\WindowsPowerShell\Modules;C:\WINDOWS\system32\WindowsPowerShell\v1.0\Modules
# default
MAKE_COMMAND := make
# automatic
 
@D = $(patsubst %/,%,$(dir $@))
# environment
CHROME_CRASHPAD_PIPE_NAME = \\.\pipe\crashpad_13340_SSKGDUZBNREUZKWI
# environment
VSCODE_HANDLES_UNCAUGHT_ERRORS = true
# default
.VARIABLES := 
# automatic
%D = $(patsubst %/,%,$(dir $%))
# automatic
^D = $(patsubst %/,%,$(dir $^))
# environment
VSCODE_LOG_STACK = false
# automatic
%F = $(notdir $%)
# environment
VSCODE_CODE_CACHE_PATH = C:\Users\co049\AppData\Roaming\Code\CachedData\30d9c6cd9483b2cc586687151bcbcd635f373630
# environment
LANG = C
# default
.LOADED := 
# environment
TMP = /cygdrive/c/Users/co049/AppData/Local/Temp
# default
.INCLUDE_DIRS = /usr/include /usr/local/include /usr/include
# makefile (from 'Makefile', line 51)
CMAKE_COMMAND = /usr/bin/cmake.exe
# makefile
MAKEFLAGS = pqrR
# environment
ONEDRIVE = C:\Users\co049\OneDrive
# makefile
CURDIR := /cygdrive/c/git/CC_PRIMEPRINTER_18
# environment
VSCODE_PIPE_LOGGING = true
# environment
APPLICATION_INSIGHTS_NO_DIAGNOSTIC_CHANNEL = 1
# automatic
*D = $(patsubst %/,%,$(dir $*))
# environment
PROGRAMFILES = C:\Program Files
# environment
MFLAGS = -pqrR
# default
.SHELLFLAGS := -c
# environment
!C: = c:\git\CC_PRIMEPRINTER_18
# environment
COMMONPROGRAMW6432 = C:\Program Files\Common Files
# automatic
+D = $(patsubst %/,%,$(dir $+))
# makefile (from 'Makefile', line 1)
MAKEFILE_LIST := Makefile
# makefile (from 'Makefile', line 63)
CMAKE_BINARY_DIR = /cygdrive/c/git/CC_PRIMEPRINTER_18
# automatic
@F = $(notdir $@)
# environment
VSCODE_VERBOSE_LOGGING = true
# environment
VSCODE_PID = 13340
# automatic
?D = $(patsubst %/,%,$(dir $?))
# makefile (from 'Makefile', line 60)
CMAKE_SOURCE_DIR = /cygdrive/c/git/CC_PRIMEPRINTER_18
# automatic
*F = $(notdir $*)
# automatic
<D = $(patsubst %/,%,$(dir $<))
# environment
VSCODE_NLS_CONFIG = {"locale":"ko","availableLanguages":{"*":"ko"},"_languagePackId":"26f3b44ea4f1e942cca002e9545643cc.ko","_translationsConfigFile":"C:\\Users\\co049\\AppData\\Roaming\\Code\\clp\\26f3b44ea4f1e942cca002e9545643cc.ko\\tcf.json","_cacheRoot":"C:\\Users\\co049\\AppData\\Roaming\\Code\\clp\\26f3b44ea4f1e942cca002e9545643cc.ko","_resolvedLanguagePackCoreLocation":"C:\\Users\\co049\\AppData\\Roaming\\Code\\clp\\26f3b44ea4f1e942cca002e9545643cc.ko\\30d9c6cd9483b2cc586687151bcbcd635f373630","_corruptedFile":"C:\\Users\\co049\\AppData\\Roaming\\Code\\clp\\26f3b44ea4f1e942cca002e9545643cc.ko\\corrupted.info","_languagePackSupport":true}
# environment
ONEDRIVECONSUMER = C:\Users\co049\OneDrive
# default
MAKE_HOST := x86_64-pc-cygwin
# environment
PROGRAMDATA = C:\ProgramData
# makefile (from 'Makefile', line 48)
SHELL = /bin/sh
# environment
HOMEPATH = \Users\co049
# default
MAKECMDGOALS := all
# environment
DRIVERDATA = C:\Windows\System32\Drivers\DriverData
# environment
COMSPEC = C:\WINDOWS\system32\cmd.exe
# environment
WINDIR = C:\WINDOWS
# environment
MAKELEVEL := 0
# default
MAKE = $(MAKE_COMMAND)
# environment
PATH = /cygdrive/c/Program Files (x86)/Common Files/Oracle/Java/javapath:/cygdrive/c/Windows/system32:/cygdrive/c/Windows:/cygdrive/c/Windows/System32/Wbem:/cygdrive/c/Windows/System32/WindowsPowerShell/v1.0:/cygdrive/c/Windows/System32/OpenSSH:/cygdrive/c/WINDOWS/system32:/cygdrive/c/WINDOWS:/cygdrive/c/WINDOWS/System32/Wbem:/cygdrive/c/WINDOWS/System32/WindowsPowerShell/v1.0:/cygdrive/c/WINDOWS/System32/OpenSSH:/cygdrive/c/Program Files/dotnet:/cygdrive/c/Program Files/Git/cmd:/usr/bin:/cygdrive/c/Users/co049/AppData/Local/Microsoft/WindowsApps:/cygdrive/c/Users/co049/.dotnet/tools:/cygdrive/c/Program Files/Bandizip:/cygdrive/c/Users/co049/AppData/Local/Programs/Microsoft VS Code/bin
# environment
COMPUTERNAME = DESKTOP-2O71587
# default
MAKEFILES := 
# automatic
^F = $(notdir $^)
# environment
PROMPT = $P$G
# environment
LOGONSERVER = \\DESKTOP-2O71587
# environment
VSCODE_LOG_NATIVE = false
# environment
USERNAME = co049
# environment
COMMONPROGRAMFILES = C:\Program Files\Common Files
# automatic
?F = $(notdir $?)
# environment
PROGRAMW6432 = C:\Program Files
# environment
PATHEXT = .COM;.EXE;.BAT;.CMD;.VBS;.VBE;.JS;.JSE;.WSF;.WSH;.MSC
# automatic
+F = $(notdir $+)
# environment
ORIGINAL_XDG_CURRENT_DESKTOP = undefined
# environment
USERDOMAIN = DESKTOP-2O71587
# 'override' directive
GNUMAKEFLAGS := 
# environment
OS = Windows_NT
# makefile (from 'Makefile', line 57)
EQUALS = =
# makefile
.DEFAULT_GOAL := default_target
# makefile (from 'Makefile', line 54)
RM = /usr/bin/cmake.exe -E rm -f
# default
MAKE_VERSION := 4.3
# environment
PROGRAMFILES(X86) = C:\Program Files (x86)
# environment
USERDOMAIN_ROAMINGPROFILE = DESKTOP-2O71587
# environment
NUMBER_OF_PROCESSORS = 8
# environment
PUBLIC = C:\Users\Public
# makefile (from 'Makefile', line 35)
MAKESILENT = -s
# environment
APPDATA = C:\Users\co049\AppData\Roaming
# environment
HOMEDRIVE = C:
# environment
PROCESSOR_ARCHITECTURE = AMD64
# environment
VSCODE_AMD_ENTRYPOINT = vs/workbench/api/node/extensionHostProcess
# environment
HOME = /home/co049
# environment
COMMONPROGRAMFILES(X86) = C:\Program Files (x86)\Common Files
# environment
ELECTRON_RUN_AS_NODE = 1
# environment
TEMP = /cygdrive/c/Users/co049/AppData/Local/Temp
# environment
VSCODE_IPC_HOOK = \\.\pipe\c761e6fbbaa11a2908af0926b1638bf1-1.68.1-main-sock
# environment
TERM = xterm-256color
# default
.RECIPEPREFIX := 
# automatic
<F = $(notdir $<)
# default
SUFFIXES := 
# environment
ALLUSERSPROFILE = C:\ProgramData
# environment
SESSIONNAME = Console
# default
.FEATURES := target-specific order-only second-expansion else-if shortest-stem undefine oneshell nocomment grouped-target extra-prereqs archives jobserver output-sync check-symlink guile load
# environment
PROCESSOR_REVISION = 1801
# environment
PROCESSOR_IDENTIFIER = AMD64 Family 23 Model 24 Stepping 1, AuthenticAMD
# variable set hash-table stats:
# Load=101/1024=10%, Rehash=0, Collisions=12/139=9%

# Pattern-specific Variable Values

# No pattern-specific variable values.

# Directories

# RCS: could not be stat'd.
# SCCS: could not be stat'd.
# . (device 4272402810, inode 9570149208205342): 15 files, no impossibilities.

# 15 files, no impossibilities in 3 directories.

# Implicit Rules

%: %,v

%: RCS/%

%: RCS/%,v

%: SCCS/s.%

%: s.%

%.hpux_make_needs_suffix_list:

# 6 implicit rules, 0 (0.0%) terminal.
# Files

depend:
#  Phony target (prerequisite of .PHONY).
#  Implicit rule search has not been done.
#  File does not exist.
#  File has not been updated.
#  recipe to execute (from 'Makefile', line 126):
	$(CMAKE_COMMAND) -S$(CMAKE_SOURCE_DIR) -B$(CMAKE_BINARY_DIR) --check-build-system CMakeFiles/Makefile.cmake 1

default_target: all
#  Phony target (prerequisite of .PHONY).
#  Implicit rule search has not been done.
#  File does not exist.
#  File has not been updated.

edit_cache/fast: edit_cache
#  Phony target (prerequisite of .PHONY).
#  Implicit rule search has not been done.
#  File does not exist.
#  File has not been updated.

# Not a target:
Makefile:
#  Implicit rule search has been done.
#  Last modified 2022-06-14 17:30:12.0879196
#  File has been updated.
#  Successfully updated.

rebuild_cache:
#  Phony target (prerequisite of .PHONY).
#  Implicit rule search has not been done.
#  File does not exist.
#  File has not been updated.
#  recipe to execute (from 'Makefile', line 70):
	@$(CMAKE_COMMAND) -E cmake_echo_color --switch=$(COLOR) --cyan "Running CMake to regenerate build system..."
	/usr/bin/cmake.exe --regenerate-during-build -S$(CMAKE_SOURCE_DIR) -B$(CMAKE_BINARY_DIR)

PrimePrinterTest: cmake_check_build_system
#  Phony target (prerequisite of .PHONY).
#  Implicit rule search has not been done.
#  File does not exist.
#  File has not been updated.
#  recipe to execute (from 'Makefile', line 147):
	$(MAKE) $(MAKESILENT) -f CMakeFiles/Makefile2 PrimePrinterTest

test/fast: test
#  Phony target (prerequisite of .PHONY).
#  Implicit rule search has not been done.
#  File does not exist.
#  File has not been updated.

PrimePrinterTest/fast:
#  Phony target (prerequisite of .PHONY).
#  Implicit rule search has not been done.
#  File does not exist.
#  File has not been updated.
#  recipe to execute (from 'Makefile', line 152):
	$(MAKE) $(MAKESILENT) -f test/CMakeFiles/PrimePrinterTest.dir/build.make test/CMakeFiles/PrimePrinterTest.dir/build

.SILENT:
#  Implicit rule search has not been done.
#  Modification time never checked.
#  File has not been updated.

clean:
#  Phony target (prerequisite of .PHONY).
#  Implicit rule search has not been done.
#  File does not exist.
#  File has not been updated.
#  recipe to execute (from 'Makefile', line 107):
	$(MAKE) $(MAKESILENT) -f CMakeFiles/Makefile2 clean

cmake_force:
#  Phony target (prerequisite of .PHONY).
#  Implicit rule search has not been done.
#  File does not exist.
#  File has not been updated.

preinstall/fast:
#  Phony target (prerequisite of .PHONY).
#  Implicit rule search has not been done.
#  File does not exist.
#  File has not been updated.
#  recipe to execute (from 'Makefile', line 121):
	$(MAKE) $(MAKESILENT) -f CMakeFiles/Makefile2 preinstall

edit_cache:
#  Phony target (prerequisite of .PHONY).
#  Implicit rule search has not been done.
#  File does not exist.
#  File has not been updated.
#  recipe to execute (from 'Makefile', line 80):
	@$(CMAKE_COMMAND) -E cmake_echo_color --switch=$(COLOR) --cyan "Running CMake cache editor..."
	/usr/bin/ccmake.exe -S$(CMAKE_SOURCE_DIR) -B$(CMAKE_BINARY_DIR)

rebuild_cache/fast: rebuild_cache
#  Phony target (prerequisite of .PHONY).
#  Implicit rule search has not been done.
#  File does not exist.
#  File has not been updated.

# Not a target:
.hpux_make_needs_suffix_list:
#  Implicit rule search has not been done.
#  Modification time never checked.
#  File has not been updated.

preinstall: all
#  Phony target (prerequisite of .PHONY).
#  Implicit rule search has not been done.
#  File does not exist.
#  File has not been updated.
#  recipe to execute (from 'Makefile', line 116):
	$(MAKE) $(MAKESILENT) -f CMakeFiles/Makefile2 preinstall

# Not a target:
.DEFAULT:
#  Implicit rule search has not been done.
#  Modification time never checked.
#  File has not been updated.

all: cmake_check_build_system
#  Phony target (prerequisite of .PHONY).
#  Command line target.
#  Implicit rule search has not been done.
#  File does not exist.
#  File has been updated.
#  Needs to be updated (-q is set).
# variable set hash-table stats:
# Load=0/32=0%, Rehash=0, Collisions=0/6=0%
#  recipe to execute (from 'Makefile', line 100):
	$(CMAKE_COMMAND) -E cmake_progress_start /cygdrive/c/git/CC_PRIMEPRINTER_18/CMakeFiles /cygdrive/c/git/CC_PRIMEPRINTER_18//CMakeFiles/progress.marks
	$(MAKE) $(MAKESILENT) -f CMakeFiles/Makefile2 all
	$(CMAKE_COMMAND) -E cmake_progress_start /cygdrive/c/git/CC_PRIMEPRINTER_18/CMakeFiles 0

help:
#  Phony target (prerequisite of .PHONY).
#  Implicit rule search has not been done.
#  File does not exist.
#  File has not been updated.
#  recipe to execute (from 'Makefile', line 157):
	@echo "The following are some of the valid targets for this Makefile:"
	@echo "... all (the default if no target is provided)"
	@echo "... clean"
	@echo "... depend"
	@echo "... edit_cache"
	@echo "... rebuild_cache"
	@echo "... test"
	@echo "... PrimePrinter"
	@echo "... PrimePrinterTest"

PrimePrinter: cmake_check_build_system
#  Phony target (prerequisite of .PHONY).
#  Implicit rule search has not been done.
#  File does not exist.
#  File has not been updated.
#  recipe to execute (from 'Makefile', line 134):
	$(MAKE) $(MAKESILENT) -f CMakeFiles/Makefile2 PrimePrinter

clean/fast: clean
#  Phony target (prerequisite of .PHONY).
#  Implicit rule search has not been done.
#  File does not exist.
#  File has not been updated.

test:
#  Phony target (prerequisite of .PHONY).
#  Implicit rule search has not been done.
#  File does not exist.
#  File has not been updated.
#  recipe to execute (from 'Makefile', line 90):
	@$(CMAKE_COMMAND) -E cmake_echo_color --switch=$(COLOR) --cyan "Running tests..."
	/usr/bin/ctest.exe --force-new-ctest-process $(ARGS)

PrimePrinter/fast:
#  Phony target (prerequisite of .PHONY).
#  Implicit rule search has not been done.
#  File does not exist.
#  File has not been updated.
#  recipe to execute (from 'Makefile', line 139):
	$(MAKE) $(MAKESILENT) -f src/CMakeFiles/PrimePrinter.dir/build.make src/CMakeFiles/PrimePrinter.dir/build

.NOTPARALLEL:
#  Implicit rule search has not been done.
#  Modification time never checked.
#  File has not been updated.

cmake_check_build_system:
#  Phony target (prerequisite of .PHONY).
#  Implicit rule search has not been done.
#  Implicit/static pattern stem: ''
#  File does not exist.
#  File has been updated.
#  Needs to be updated (-q is set).
# automatic
# @ := cmake_check_build_system
# automatic
# * := 
# automatic
# < := 
# automatic
# + := 
# automatic
# % := 
# automatic
# ^ := 
# automatic
# ? := 
# automatic
# | := 
# variable set hash-table stats:
# Load=8/32=25%, Rehash=0, Collisions=1/14=7%
#  recipe to execute (from 'Makefile', line 177):
	$(CMAKE_COMMAND) -S$(CMAKE_SOURCE_DIR) -B$(CMAKE_BINARY_DIR) --check-build-system CMakeFiles/Makefile.cmake 0

.SUFFIXES: .hpux_make_needs_suffix_list
#  Implicit rule search has not been done.
#  Modification time never checked.
#  File has not been updated.

.PHONY: default_target cmake_force rebuild_cache rebuild_cache/fast edit_cache edit_cache/fast test test/fast all clean clean/fast preinstall preinstall/fast depend PrimePrinter PrimePrinter/fast PrimePrinterTest PrimePrinterTest/fast help cmake_check_build_system
#  Implicit rule search has not been done.
#  Modification time never checked.
#  File has not been updated.

# files hash-table stats:
# Load=27/1024=3%, Rehash=0, Collisions=0/91=0%
# VPATH Search Paths

# No 'vpath' search paths.

# No general ('VPATH' variable) search path.

# strcache buffers: 1 (0) / strings = 51 / storage = 576 B / avg = 11 B
# current buf: size = 8162 B / used = 576 B / count = 51 / avg = 11 B

# strcache performance: lookups = 156 / hit rate = 67%
# hash-table stats:
# Load=51/8192=1%, Rehash=0, Collisions=0/156=0%
# Finished Make data base on Fri Jun 17 16:49:05 2022

 
